Addison
Adeline
Alani
Alice
Alice
Allison
Amelia
Andrea
Anna
Aria
Ashley
Athena
Audrey
Aurora
Autumn
Ava
Bella
Brielle
Caroline
Charlotte
Chloe
Clara
Cora
Delilah
Eden
Eleanor
Elena
Eliana
Elizabeth
Ella
Emily
Emma
Eva
Evelyn
Genesis
Genesis
Gianna
Grace
Hannah
Harper
Hazel
Iris
Iris
Isabella
Jade
Josephine
Julia
Julia
June
Katherine
Kennedy
Kinsley
Laila
Layla
Lillian
Lily
Lucy
Luna
Lyla
Madelyn
Madison
Margaret
Margaret
Maria
Mary
Mary
Maya
Melody
Mia
Mila
Naomi
Nora
Nova
Olivia
Paisley
Penelope
Piper
Quinn
Riley
Rose
Ruby
Ruth
Sadie
Samantha
Sarah
Sarah
Scarlett
Serenity
Skylar
Sofia
Sophia
Sophie
Stella
Taylor
Valentina
Victoria
Violet
Vivian
Willow
Zoey